<?xml version="1.0" encoding="UTF-8"?>
<testng-results skipped="0" failed="0" ignored="0" total="1" passed="1">
  <reporter-output>
  </reporter-output>
  <suite name="TestSuite" duration-ms="10714" started-at="2017-08-10T14:58:35Z" finished-at="2017-08-10T14:58:45Z">
    <groups>
    </groups>
    <test name="testGuru" duration-ms="10714" started-at="2017-08-10T14:58:35Z" finished-at="2017-08-10T14:58:45Z">
      <class name="firsttestngpackage.FirstTestNGFile">
        <test-method status="PASS" signature="verifyHomePageTitle(java.lang.String, java.lang.String)[pri:0, instance:firsttestngpackage.FirstTestNGFile@475530b9]" name="verifyHomePageTitle" duration-ms="10698" started-at="2017-08-10T15:58:35Z" finished-at="2017-08-10T15:58:45Z">
          <params>
            <param index="0">
              <value>
                <![CDATA[Guru99]]>
              </value>
            </param>
            <param index="1">
              <value>
                <![CDATA[UK]]>
              </value>
            </param>
          </params>
          <reporter-output>
          </reporter-output>
        </test-method> <!-- verifyHomePageTitle -->
      </class> <!-- firsttestngpackage.FirstTestNGFile -->
    </test> <!-- testGuru -->
  </suite> <!-- TestSuite -->
</testng-results>
