<?xml version="1.0" encoding="UTF-8"?>
<testng-results skipped="0" failed="0" ignored="0" total="2" passed="2">
  <reporter-output>
  </reporter-output>
  <suite name="Page Object test example" duration-ms="11670" started-at="2017-09-12T09:50:41Z" finished-at="2017-09-12T09:50:53Z">
    <groups>
    </groups>
    <test name="sample test" duration-ms="11670" started-at="2017-09-12T09:50:41Z" finished-at="2017-09-12T09:50:53Z">
      <class name="Base.BasePageTest">
        <test-method status="PASS" signature="initializeTestBaseSetup(java.lang.String, java.lang.String)[pri:0, instance:Base.BasePageTest@548e7350]" name="initializeTestBaseSetup" is-config="true" duration-ms="4645" started-at="2017-09-12T10:50:41Z" finished-at="2017-09-12T10:50:46Z">
          <params>
            <param index="0">
              <value>
                <![CDATA[chrome]]>
              </value>
            </param>
            <param index="1">
              <value>
                <![CDATA[https://www.google.co.uk/]]>
              </value>
            </param>
          </params>
          <reporter-output>
          </reporter-output>
        </test-method> <!-- initializeTestBaseSetup -->
        <test-method status="PASS" signature="setUp()[pri:0, instance:Base.BasePageTest@548e7350]" name="setUp" is-config="true" duration-ms="0" started-at="2017-09-12T10:50:46Z" finished-at="2017-09-12T10:50:46Z">
          <reporter-output>
          </reporter-output>
        </test-method> <!-- setUp -->
        <test-method status="PASS" signature="verifyHomePage()[pri:0, instance:Base.BasePageTest@548e7350]" name="verifyHomePage" duration-ms="28" started-at="2017-09-12T10:50:46Z" finished-at="2017-09-12T10:50:46Z">
          <reporter-output>
          </reporter-output>
        </test-method> <!-- verifyHomePage -->
        <test-method status="PASS" signature="tearDown()[pri:0, instance:Base.BasePageTest@548e7350]" name="tearDown" is-config="true" duration-ms="811" started-at="2017-09-12T10:50:46Z" finished-at="2017-09-12T10:50:47Z">
          <reporter-output>
          </reporter-output>
        </test-method> <!-- tearDown -->
      </class> <!-- Base.BasePageTest -->
      <class name="Base.SignInPageTest">
        <test-method status="PASS" signature="initializeTestBaseSetup(java.lang.String, java.lang.String)[pri:0, instance:Base.SignInPageTest@1a968a59]" name="initializeTestBaseSetup" is-config="true" duration-ms="3624" started-at="2017-09-12T10:50:47Z" finished-at="2017-09-12T10:50:50Z">
          <params>
            <param index="0">
              <value>
                <![CDATA[chrome]]>
              </value>
            </param>
            <param index="1">
              <value>
                <![CDATA[https://www.google.co.uk/]]>
              </value>
            </param>
          </params>
          <reporter-output>
          </reporter-output>
        </test-method> <!-- initializeTestBaseSetup -->
        <test-method status="PASS" signature="setUp()[pri:0, instance:Base.SignInPageTest@1a968a59]" name="setUp" is-config="true" duration-ms="0" started-at="2017-09-12T10:50:50Z" finished-at="2017-09-12T10:50:50Z">
          <reporter-output>
          </reporter-output>
        </test-method> <!-- setUp -->
        <test-method status="PASS" signature="verifySignInFunction()[pri:0, instance:Base.SignInPageTest@1a968a59]" name="verifySignInFunction" duration-ms="1702" started-at="2017-09-12T10:50:50Z" finished-at="2017-09-12T10:50:52Z">
          <reporter-output>
          </reporter-output>
        </test-method> <!-- verifySignInFunction -->
        <test-method status="PASS" signature="tearDown()[pri:0, instance:Base.SignInPageTest@1a968a59]" name="tearDown" is-config="true" duration-ms="833" started-at="2017-09-12T10:50:52Z" finished-at="2017-09-12T10:50:53Z">
          <reporter-output>
          </reporter-output>
        </test-method> <!-- tearDown -->
      </class> <!-- Base.SignInPageTest -->
    </test> <!-- sample test -->
  </suite> <!-- Page Object test example -->
</testng-results>
