<?xml version="1.0" encoding="UTF-8"?>
<testsuite xmlns:xsi="http://www.w3.org/2001/XMLSchema-instance" xsi:noNamespaceSchemaLocation="https://maven.apache.org/surefire/maven-surefire-plugin/xsd/surefire-test-report.xsd" name="autoPackage.SerenityTest" time="27.705" tests="7" errors="2" skipped="3" failures="1">
  <properties>
[...]
</properties>
  <testcase name="test1" classname="autoPackage.SerenityTest" time="3.2">
    <failure type="java.lang.AssertionError">java.lang.AssertionError
	at autoPackage.SerenityTest.test1(SerenityTest.java:37)
</failure>
    <system-err><![CDATA[856 [main] INFO net.thucydides.core.steps.ConsoleLoggingListener - &amp#27;[96m&amp#27;[36m

-------------------------------------------------------------------------------------
     _______. _______ .______       _______ .__   __.  __  .___________.____    ____ 
    /       ||   ____||   _  \     |   ____||  \ |  | |  | |           |\   \  /   / 
   |   (----`|  |__   |  |_)  |    |  |__   |   \|  | |  | `---|  |----` \   \/   /  
    \   \    |   __|  |      /     |   __|  |  . `  | |  |     |  |       \_    _/   
.----)   |   |  |____ |  |\  \----.|  |____ |  |\   | |  |     |  |         |  |     
|_______/    |_______|| _| `._____||_______||__| \__| |__|     |__|         |__|    
                                                                                     
 News and tutorials at http://www.serenity-bdd.info                                  
 Documentation at https://wakaleo.gitbooks.io/the-serenity-book/content/             
 Join the Serenity Community on Rocket Chat at https://serenity-bdd.rocket.chat      
 Serenity BDD Support and Training at http://serenity-bdd.info/#/trainingandsupport  
 Learn Serenity BDD online at http://serenity-dojo.com                               
-------------------------------------------------------------------------------------
&amp#27;[0m&amp#27;[0m
1654 [main] INFO net.thucydides.core.steps.ConsoleLoggingListener - Test Suite Started: Serenity test
4810 [main] INFO net.thucydides.core.steps.ConsoleLoggingListener - 
 _____ _____ ____ _____   ____ _____  _    ____ _____ _____ ____  
|_   _| ____/ ___|_   _| / ___|_   _|/ \  |  _ \_   _| ____|  _ \ 
  | | |  _| \___ \ | |   \___ \ | | / _ \ | |_) || | |  _| | | | |
  | | | |___ ___) || |    ___) || |/ ___ \|  _ < | | | |___| |_| |
  |_| |_____|____/ |_|   |____/ |_/_/   \_\_| \_\|_| |_____|____/ 
                                                                  

TEST STARTED: test1
-------------------------------------------------------------------
4811 [main] INFO net.serenitybdd.core.Serenity - TEST NUMBER: 1
]]></system-err>
  </testcase>
  <testcase name="test2" classname="autoPackage.SerenityTest" time="0">
    <skipped/>
    <system-err><![CDATA[6824 [main] ERROR net.thucydides.core.steps.ConsoleLoggingListener - &amp#27;[91m
           __  _____ _____ ____ _____   _____ _    ___ _     _____ ____  
  _       / / |_   _| ____/ ___|_   _| |  ___/ \  |_ _| |   | ____|  _ \ 
 (_)_____| |    | | |  _| \___ \ | |   | |_ / _ \  | || |   |  _| | | | |
  _|_____| |    | | | |___ ___) || |   |  _/ ___ \ | || |___| |___| |_| |
 (_)     | |    |_| |_____|____/ |_|   |_|/_/   \_\___|_____|_____|____/ 
          \_\                                                            

TEST FAILED: Test1
--------------------------------------------------------------------------&amp#27;[0m
6839 [main] ERROR net.thucydides.core.steps.ConsoleLoggingListener - 
8601 [main] INFO net.thucydides.core.steps.ConsoleLoggingListener - 
 _____ _____ ____ _____   ____ _____  _    ____ _____ _____ ____  
|_   _| ____/ ___|_   _| / ___|_   _|/ \  |  _ \_   _| ____|  _ \ 
  | | |  _| \___ \ | |   \___ \ | | / _ \ | |_) || | |  _| | | | |
  | | | |___ ___) || |    ___) || |/ ___ \|  _ < | | | |___| |_| |
  |_| |_____|____/ |_|   |____/ |_/_/   \_\_| \_\|_| |_____|____/ 
                                                                  

TEST STARTED: test2
-------------------------------------------------------------------
8602 [main] INFO net.serenitybdd.core.Serenity - TEST NUMBER: 2
8622 [main] INFO net.thucydides.core.steps.ConsoleLoggingListener - &amp#27;[96mTEST PENDING&amp#27;[0m
8624 [main] INFO net.thucydides.core.steps.ConsoleLoggingListener - &amp#27;[96m
          __  _____ _____ ____ _____   ____  _____ _   _ ____ ___ _   _  ____ 
 _       / / |_   _| ____/ ___|_   _| |  _ \| ____| \ | |  _ \_ _| \ | |/ ___|
(_)____ / /    | | |  _| \___ \ | |   | |_) |  _| |  \| | | | | ||  \| | |  _ 
 |_____/ /     | | | |___ ___) || |   |  __/| |___| |\  | |_| | || |\  | |_| |
(_)   /_/      |_| |_____|____/ |_|   |_|   |_____|_| \_|____/___|_| \_|\____|
                                                                                

TEST PENDING: Test2
---------------------------------------------------------------------------------&amp#27;[0m
]]></system-err>
  </testcase>
  <testcase name="test3" classname="autoPackage.SerenityTest" time="0">
    <skipped/>
    <system-err><![CDATA[9805 [main] INFO net.thucydides.core.steps.ConsoleLoggingListener - 
 _____ _____ ____ _____   ____ _____  _    ____ _____ _____ ____  
|_   _| ____/ ___|_   _| / ___|_   _|/ \  |  _ \_   _| ____|  _ \ 
  | | |  _| \___ \ | |   \___ \ | | / _ \ | |_) || | |  _| | | | |
  | | | |___ ___) || |    ___) || |/ ___ \|  _ < | | | |___| |_| |
  |_| |_____|____/ |_|   |____/ |_/_/   \_\_| \_\|_| |_____|____/ 
                                                                  

TEST STARTED: test3
-------------------------------------------------------------------
9806 [main] INFO net.serenitybdd.core.Serenity - TEST NUMBER: 3
9807 [main] INFO net.thucydides.core.steps.ConsoleLoggingListener - &amp#27;[33mTEST IGNORED&amp#27;[0m
9810 [main] INFO net.thucydides.core.steps.ConsoleLoggingListener - &amp#27;[33m
            __  _____ _____ ____ _____   ____  _  _____ ____  ____  _____ ____  
  _        / / |_   _| ____/ ___|_   _| / ___|| |/ /_ _|  _ \|  _ \| ____|  _ \ 
 (_)_____ / /    | | |  _| \___ \ | |   \___ \| ' / | || |_) | |_) |  _| | | | |
  _|_____/ /     | | | |___ ___) || |    ___) | . \ | ||  __/|  __/| |___| |_| |
 (_)    /_/      |_| |_____|____/ |_|   |____/|_|\_\___|_|   |_|   |_____|____/ 
                                                                                

TEST SKIPPED: Test3
---------------------------------------------------------------------------------&amp#27;[0m
]]></system-err>
  </testcase>
  <testcase name="test4" classname="autoPackage.SerenityTest" time="1.636">
    <error message="/ by zero" type="java.lang.ArithmeticException">java.lang.ArithmeticException: / by zero
	at autoPackage.SerenityTest.test4(SerenityTest.java:57)
</error>
    <system-err><![CDATA[11487 [main] INFO net.thucydides.core.steps.ConsoleLoggingListener - 
 _____ _____ ____ _____   ____ _____  _    ____ _____ _____ ____  
|_   _| ____/ ___|_   _| / ___|_   _|/ \  |  _ \_   _| ____|  _ \ 
  | | |  _| \___ \ | |   \___ \ | | / _ \ | |_) || | |  _| | | | |
  | | | |___ ___) || |    ___) || |/ ___ \|  _ < | | | |___| |_| |
  |_| |_____|____/ |_|   |____/ |_/_/   \_\_| \_\|_| |_____|____/ 
                                                                  

TEST STARTED: test4
-------------------------------------------------------------------
11488 [main] INFO net.serenitybdd.core.Serenity - TEST NUMBER: 4
]]></system-err>
  </testcase>
  <testcase name="test5" classname="autoPackage.SerenityTest" time="1.803">
    <error message="E:\dummy.txt (The system cannot find the path specified)" type="java.io.FileNotFoundException">java.io.FileNotFoundException: E:\dummy.txt (The system cannot find the path specified)
	at autoPackage.SerenityTest.test5(SerenityTest.java:67)
</error>
    <system-err><![CDATA[11506 [main] ERROR net.thucydides.core.steps.ConsoleLoggingListener - &amp#27;[91m
           __  _____ _____ ____ _____   _____ _    ___ _     _____ ____  
  _       / / |_   _| ____/ ___|_   _| |  ___/ \  |_ _| |   | ____|  _ \ 
 (_)_____| |    | | |  _| \___ \ | |   | |_ / _ \  | || |   |  _| | | | |
  _|_____| |    | | | |___ ___) || |   |  _/ ___ \ | || |___| |___| |_| |
 (_)     | |    |_| |_____|____/ |_|   |_|/_/   \_\___|_____|_____|____/ 
          \_\                                                            

TEST FAILED WITH ERROR: Test4
---------------------------------------------------------------------&amp#27;[0m
11506 [main] ERROR net.thucydides.core.steps.ConsoleLoggingListener - / by zero
13019 [main] INFO net.thucydides.core.steps.ConsoleLoggingListener - 
 _____ _____ ____ _____   ____ _____  _    ____ _____ _____ ____  
|_   _| ____/ ___|_   _| / ___|_   _|/ \  |  _ \_   _| ____|  _ \ 
  | | |  _| \___ \ | |   \___ \ | | / _ \ | |_) || | |  _| | | | |
  | | | |___ ___) || |    ___) || |/ ___ \|  _ < | | | |___| |_| |
  |_| |_____|____/ |_|   |____/ |_/_/   \_\_| \_\|_| |_____|____/ 
                                                                  

TEST STARTED: test5
-------------------------------------------------------------------
13020 [main] INFO net.serenitybdd.core.Serenity - TEST NUMBER: 5
]]></system-err>
  </testcase>
  <testcase name="test6" classname="autoPackage.SerenityTest" time="0">
    <skipped/>
    <system-err><![CDATA[13046 [main] ERROR net.thucydides.core.steps.ConsoleLoggingListener - &amp#27;[95m
         __  _____ _____ ____ _____ 
 _      / / |_   _| ____/ ___|_   _|
(_)____| |    | | |  _| \___ \ | |  
 |_____| |    | | | |___ ___) || |  
(_)    | |    |_| |_____|____/ |_|  
        \_\                         
  ____ ___  __  __ ____  ____   ___  __  __ ___ ____  _____ ____  
 / ___/ _ \|  \/  |  _ \|  _ \ / _ \|  \/  |_ _/ ___|| ____|  _ \ 
| |  | | | | |\/| | |_) | |_) | | | | |\/| || |\___ \|  _| | | | |
| |__| |_| | |  | |  __/|  _ <| |_| | |  | || | ___) | |___| |_| |
 \____\___/|_|  |_|_|   |_| \_\\___/|_|  |_|___|____/|_____|____/

TEST COMPROMISED: Test5
-------------------------------------&amp#27;[0m
13047 [main] ERROR net.thucydides.core.steps.ConsoleLoggingListener - E:\dummy.txt (The system cannot find the path specified)
14723 [main] INFO net.thucydides.core.steps.ConsoleLoggingListener - 
 _____ _____ ____ _____   ____ _____  _    ____ _____ _____ ____  
|_   _| ____/ ___|_   _| / ___|_   _|/ \  |  _ \_   _| ____|  _ \ 
  | | |  _| \___ \ | |   \___ \ | | / _ \ | |_) || | |  _| | | | |
  | | | |___ ___) || |    ___) || |/ ___ \|  _ < | | | |___| |_| |
  |_| |_____|____/ |_|   |____/ |_/_/   \_\_| \_\|_| |_____|____/ 
                                                                  

TEST STARTED: test6
-------------------------------------------------------------------
14723 [main] INFO net.serenitybdd.core.Serenity - TEST NUMBER: 6
14730 [main] INFO net.thucydides.core.steps.ConsoleLoggingListener - TEST MANUAL
14733 [main] INFO net.thucydides.core.steps.ConsoleLoggingListener - &amp#27;[96mTEST PENDING&amp#27;[0m
14737 [main] INFO net.thucydides.core.steps.ConsoleLoggingListener - &amp#27;[96m
          __  _____ _____ ____ _____   ____  _____ _   _ ____ ___ _   _  ____ 
 _       / / |_   _| ____/ ___|_   _| |  _ \| ____| \ | |  _ \_ _| \ | |/ ___|
(_)____ / /    | | |  _| \___ \ | |   | |_) |  _| |  \| | | | | ||  \| | |  _ 
 |_____/ /     | | | |___ ___) || |   |  __/| |___| |\  | |_| | || |\  | |_| |
(_)   /_/      |_| |_____|____/ |_|   |_|   |_____|_| \_|____/___|_| \_|\____|
                                                                                

TEST PENDING: Test6
---------------------------------------------------------------------------------&amp#27;[0m
]]></system-err>
  </testcase>
  <testcase name="myFirstRestAssuredTest1" classname="autoPackage.SerenityTest" time="7.778"/>
</testsuite>