<?xml version="1.0" encoding="UTF-8"?>
<testng-results skipped="0" failed="0" ignored="0" total="1" passed="1">
  <reporter-output>
  </reporter-output>
  <suite name="Page Object test example" duration-ms="13317" started-at="2017-09-12T14:45:42Z" finished-at="2017-09-12T14:45:55Z">
    <groups>
    </groups>
    <test name="Expedia test" duration-ms="13317" started-at="2017-09-12T14:45:42Z" finished-at="2017-09-12T14:45:55Z">
      <class name="HolidaySearchTest">
        <test-method status="PASS" signature="initializeTestBaseSetup(java.lang.String, java.lang.String)[pri:0, instance:HolidaySearchTest@4dfa3a9d]" name="initializeTestBaseSetup" is-config="true" duration-ms="7690" started-at="2017-09-12T15:45:42Z" finished-at="2017-09-12T15:45:50Z">
          <params>
            <param index="0">
              <value>
                <![CDATA[chrome]]>
              </value>
            </param>
            <param index="1">
              <value>
                <![CDATA[https://www.expedia.co.uk/]]>
              </value>
            </param>
          </params>
          <reporter-output>
          </reporter-output>
        </test-method> <!-- initializeTestBaseSetup -->
        <test-method status="PASS" signature="setUp()[pri:0, instance:HolidaySearchTest@4dfa3a9d]" name="setUp" is-config="true" duration-ms="5" started-at="2017-09-12T15:45:50Z" finished-at="2017-09-12T15:45:50Z">
          <reporter-output>
          </reporter-output>
        </test-method> <!-- setUp -->
        <test-method status="PASS" signature="verifyDsicoverTab()[pri:0, instance:HolidaySearchTest@4dfa3a9d]" name="verifyDsicoverTab" duration-ms="5597" started-at="2017-09-12T15:45:50Z" finished-at="2017-09-12T15:45:55Z">
          <reporter-output>
          </reporter-output>
        </test-method> <!-- verifyDsicoverTab -->
      </class> <!-- HolidaySearchTest -->
    </test> <!-- Expedia test -->
  </suite> <!-- Page Object test example -->
</testng-results>
