<?xml version="1.0" encoding="UTF-8"?><testsuite errors="1" failures="1" name="autoPackage.SerenityTest" skipped="4" tests="7" time="19.0" timestamp="2019-01-09 11:46:13"><testcase classname="autoPackage.SerenityTest" name="Test1"><failure type="java.lang.AssertionError"/><system-err>null&#13;
autoPackage.SerenityTest.test1(SerenityTest.java:37)&#13;
</system-err></testcase><testcase classname="autoPackage.SerenityTest" name="Test2"><skipped/></testcase><testcase classname="autoPackage.SerenityTest" name="Test3"><skipped/></testcase><testcase classname="autoPackage.SerenityTest" name="Test4"><error message="/ by zero" type="java.lang.ArithmeticException">/ by zero</error><system-err>/ by zero&#13;
autoPackage.SerenityTest.test4(SerenityTest.java:57)&#13;
</system-err></testcase><testcase classname="autoPackage.SerenityTest" name="Test5"><compromised message="E:\dummy.txt (The system cannot find the path specified)" type="java.io.FileNotFoundException">E:\dummy.txt (The system cannot find the path specified)</compromised><system-err>E:\dummy.txt (The system cannot find the path specified)&#13;
autoPackage.SerenityTest.test5(SerenityTest.java:67)&#13;
</system-err></testcase><testcase classname="autoPackage.SerenityTest" name="Test6"><skipped/></testcase><testcase classname="autoPackage.SerenityTest" name="this test will make an API call"/></testsuite>